{"/Users/carolinecutter/Desktop/cs312/practical02-test-ccutter270/index.js": {"path":"/Users/carolinecutter/Desktop/cs312/practical02-test-ccutter270/index.js","statementMap":{"0":{"start":{"line":48,"column":2},"end":{"line":48,"column":17}},"1":{"start":{"line":12,"column":18},"end":{"line":45,"column":null}},"2":{"start":{"line":13,"column":23},"end":{"line":13,"column":null}},"3":{"start":{"line":14,"column":21},"end":{"line":14,"column":null}},"4":{"start":{"line":17,"column":22},"end":{"line":36,"column":null}},"5":{"start":{"line":19,"column":18},"end":{"line":19,"column":null}},"6":{"start":{"line":22,"column":6},"end":{"line":33,"column":7}},"7":{"start":{"line":24,"column":8},"end":{"line":24,"column":null}},"8":{"start":{"line":27,"column":8},"end":{"line":27,"column":null}},"9":{"start":{"line":31,"column":11},"end":{"line":33,"column":7}},"10":{"start":{"line":32,"column":8},"end":{"line":32,"column":null}},"11":{"start":{"line":35,"column":6},"end":{"line":35,"column":null}},"12":{"start":{"line":39,"column":21},"end":{"line":39,"column":null}},"13":{"start":{"line":42,"column":18},"end":{"line":42,"column":null}},"14":{"start":{"line":44,"column":4},"end":{"line":44,"column":null}},"15":{"start":{"line":48,"column":17},"end":{"line":48,"column":null}}},"fnMap":{"0":{"name":"(anonymous_0)","decl":{"start":{"line":48,"column":2},"end":{"line":48,"column":17}},"loc":{"start":{"line":48,"column":2},"end":{"line":48,"column":17}}},"1":{"name":"(anonymous_1)","decl":{"start":{"line":12,"column":18},"end":{"line":12,"column":19}},"loc":{"start":{"line":12,"column":28},"end":{"line":45,"column":null}}},"2":{"name":"(anonymous_2)","decl":{"start":{"line":17,"column":22},"end":{"line":17,"column":23}},"loc":{"start":{"line":17,"column":30},"end":{"line":36,"column":null}}}},"branchMap":{"0":{"loc":{"start":{"line":22,"column":6},"end":{"line":33,"column":7}},"type":"if","locations":[{"start":{"line":22,"column":6},"end":{"line":33,"column":7}},{"start":{"line":31,"column":11},"end":{"line":33,"column":7}}]},"1":{"loc":{"start":{"line":24,"column":16},"end":{"line":24,"column":null}},"type":"binary-expr","locations":[{"start":{"line":24,"column":16},"end":{"line":24,"column":26}},{"start":{"line":24,"column":26},"end":{"line":24,"column":45}},{"start":{"line":24,"column":45},"end":{"line":24,"column":59}}]},"2":{"loc":{"start":{"line":27,"column":16},"end":{"line":27,"column":null}},"type":"binary-expr","locations":[{"start":{"line":27,"column":16},"end":{"line":27,"column":25}},{"start":{"line":27,"column":25},"end":{"line":27,"column":null}}]},"3":{"loc":{"start":{"line":31,"column":11},"end":{"line":33,"column":7}},"type":"if","locations":[{"start":{"line":31,"column":11},"end":{"line":33,"column":7}}]}},"s":{"0":20,"1":1,"2":20,"3":20,"4":20,"5":26,"6":26,"7":7,"8":7,"9":19,"10":1,"11":26,"12":20,"13":20,"14":20,"15":1},"f":{"0":20,"1":20,"2":26},"b":{"0":[7,19],"1":[7,7,4],"2":[7,6],"3":[1]}}
}
